c:\users\kaspe\desktop\development\eastwood\eastwood\trash\vc141.pdb
c:\users\kaspe\desktop\development\eastwood\eastwood\trash\vc141.idb
c:\users\kaspe\desktop\development\eastwood\eastwood\trash\memorypool.obj
c:\users\kaspe\desktop\development\eastwood\eastwood\trash\main.obj
c:\users\kaspe\desktop\development\eastwood\eastwood\trash\gameobject.obj
c:\users\kaspe\desktop\development\eastwood\eastwood\trash\componentmanager.obj
c:\users\kaspe\desktop\development\eastwood\eastwood\trash\inputmanager.obj
c:\users\kaspe\desktop\development\eastwood\eastwood\trash\eventmanager.obj
c:\users\kaspe\desktop\development\eastwood\eastwood\trash\commonmath.obj
c:\users\kaspe\desktop\development\eastwood\eastwood\trash\collisionmanager.obj
c:\users\kaspe\desktop\development\eastwood\eastwood\trash\collider.obj
c:\users\kaspe\desktop\development\eastwood\eastwood\trash\circlecollider.obj
c:\users\kaspe\desktop\development\eastwood\eastwood\trash\pugixml.obj
c:\users\kaspe\desktop\development\eastwood\eastwood\trash\jsondocument.obj
c:\users\kaspe\desktop\development\eastwood\eastwood\trash\filedialog.obj
c:\users\kaspe\desktop\development\eastwood\eastwood\trash\base64.obj
c:\users\kaspe\desktop\development\eastwood\eastwood\trash\uielement.obj
c:\users\kaspe\desktop\development\eastwood\eastwood\trash\transformcomponent.obj
c:\users\kaspe\desktop\development\eastwood\eastwood\trash\timedevent.obj
c:\users\kaspe\desktop\development\eastwood\eastwood\trash\time.obj
c:\users\kaspe\desktop\development\eastwood\eastwood\trash\statestack.obj
c:\users\kaspe\desktop\development\eastwood\eastwood\trash\state.obj
c:\users\kaspe\desktop\development\eastwood\eastwood\trash\smallstring.obj
c:\users\kaspe\desktop\development\eastwood\eastwood\trash\settingsstate.obj
c:\users\kaspe\desktop\development\eastwood\eastwood\trash\renderer.obj
c:\users\kaspe\desktop\development\eastwood\eastwood\trash\renderablecomponent.obj
c:\users\kaspe\desktop\development\eastwood\eastwood\trash\rectanglecollider.obj
c:\users\kaspe\desktop\development\eastwood\eastwood\trash\pointcollider.obj
c:\users\kaspe\desktop\development\eastwood\eastwood\trash\netmessageposition.obj
c:\users\kaspe\desktop\development\eastwood\eastwood\trash\netmessageplayerdata.obj
c:\users\kaspe\desktop\development\eastwood\eastwood\trash\netmessageconnect.obj
c:\users\kaspe\desktop\development\eastwood\eastwood\trash\netmessagechat.obj
c:\users\kaspe\desktop\development\eastwood\eastwood\trash\netmessage.obj
c:\users\kaspe\desktop\development\eastwood\eastwood\trash\uitextinput.obj
c:\users\kaspe\desktop\development\eastwood\eastwood\trash\objectmanager.obj
c:\users\kaspe\desktop\development\eastwood\eastwood\trash\uisprite.obj
c:\users\kaspe\desktop\development\eastwood\eastwood\trash\uimanager.obj
c:\users\kaspe\desktop\development\eastwood\eastwood\trash\eastwood.tlog\cl.command.1.tlog
c:\users\kaspe\desktop\development\eastwood\eastwood\trash\eastwood.tlog\cl.read.1.tlog
c:\users\kaspe\desktop\development\eastwood\eastwood\trash\eastwood.tlog\cl.write.1.tlog
